Terminals unused in grammar

    "comment"


State 69 conflicts: 6 shift/reduce
State 70 conflicts: 6 shift/reduce
State 123 conflicts: 6 shift/reduce
State 124 conflicts: 6 shift/reduce
State 125 conflicts: 6 shift/reduce
State 126 conflicts: 6 shift/reduce
State 127 conflicts: 6 shift/reduce
State 128 conflicts: 6 shift/reduce
State 176 conflicts: 1 shift/reduce


Grammar

    0 $accept: program "end of file"

    1 program: header declarations subprograms comp_statement "."

    2 header: "PROGRAM" "identifier" ";"

    3 declarations: constdefs typedefs vardefs

    4 constdefs: "CONST" constant_defs ";"
    5          | %empty

    6 constant_defs: constant_defs ";" "identifier" "=" expression
    7              | "identifier" "=" expression

    8 expression: expression ">= or | or <= or | or <> or | or > or | or<" expression
    9           | expression "=" expression
   10           | expression "IN" expression
   11           | expression "OR" expression
   12           | expression "ADD" expression
   13           | expression "* or / or DIV or MOD or AND" expression
   14           | "ADD" expression
   15           | "NOT" expression
   16           | variable
   17           | "identifier" "(" expressions ")"
   18           | constant
   19           | "(" expression ")"
   20           | setexpression

   21 variable: "identifier"
   22         | variable "." "identifier"
   23         | variable "[" expressions "]"

   24 expressions: expressions "," expression
   25            | expression

   26 constant: "integer const"
   27         | "unsigned float const"
   28         | "boolean constant"
   29         | "character consant"

   30 setexpression: "[" elexpressions "]"
   31              | "[" "]"

   32 elexpressions: elexpressions "," elexpression
   33              | elexpression

   34 elexpression: expression ".." expression
   35             | expression

   36 typedefs: "TYPE" type_defs ";"
   37         | %empty

   38 type_defs: type_defs ";" "identifier" "=" type_def
   39          | "identifier" "=" type_def

   40 type_def: "ARRAY" "[" dims "]" "OF" typename
   41         | "SET" "OF" typename
   42         | "RECORD" fields "END"
   43         | "(" identifiers ")"
   44         | limit ".." limit

   45 dims: dims "," limits
   46     | limits

   47 limits: limit ".." limit
   48       | "identifier"

   49 limit: "ADD" "integer const"
   50      | "ADD" "identifier"
   51      | "integer const"
   52      | "character consant"
   53      | "boolean constant"
   54      | "identifier"

   55 typename: standard_type
   56         | "identifier"

   57 standard_type: "INTEGER"
   58              | "REAL"
   59              | "BOOLEAN"
   60              | "CHAR"

   61 fields: fields ";" field
   62       | field

   63 field: identifiers ":" typename

   64 identifiers: identifiers "," "identifier"
   65            | "identifier"

   66 vardefs: "VAR" variable_defs ";"
   67        | %empty

   68 variable_defs: variable_defs ";" identifiers ":" typename
   69              | identifiers ":" typename

   70 subprograms: subprograms subprogram ";"
   71            | %empty

   72 subprogram: sub_header ";" "FORWARD"
   73           | sub_header ";" declarations subprograms comp_statement

   74 sub_header: "FUNCTION" "identifier" formal_parameters ":" standard_type
   75           | "PROCEDURE" "identifier" formal_parameters
   76           | "FUNCTION" "identifier"

   77 formal_parameters: "(" parameter_list ")"
   78                  | %empty

   79 parameter_list: parameter_list ";" pass identifiers ":" typename
   80               | pass identifiers ":" typename

   81 pass: "VAR"
   82     | %empty

   83 comp_statement: "BEGIN" statements "END"

   84 statements: statements ";" statement
   85           | statement

   86 statement: assignment
   87          | if_statement
   88          | while_statement
   89          | for_statement
   90          | with_statement
   91          | subprogram_call
   92          | io_statement
   93          | comp_statement
   94          | %empty

   95 assignment: variable ":=" expression
   96           | variable ":=" "string constant"

   97 if_statement: "IF" expression "THEN" statement if_tail

   98 if_tail: "ELSE" statement
   99        | %empty

  100 while_statement: "WHILE" expression "DO" statement

  101 for_statement: "FOR" "identifier" ":=" iter_space "DO" statement

  102 iter_space: expression "TO" expression
  103           | expression "DOWNTO" expression

  104 with_statement: "WITH" variable "DO" statement

  105 subprogram_call: "identifier"
  106                | "identifier" "(" expressions ")"

  107 io_statement: "READ" "(" read_list ")"
  108             | "WRITE" "(" write_list ")"

  109 read_list: read_list "," read_item
  110          | read_item

  111 read_item: variable

  112 write_list: write_list "," write_item
  113           | write_item

  114 write_item: expression
  115           | "string constant"


Terminals, with rules where they appear

    "end of file" <strval> (0) 0
    error (256)
    "PROGRAM" <strval> (258) 2
    "BEGIN" <strval> (259) 83
    "END" <strval> (260) 42 83
    "PROCEDURE" <strval> (261) 75
    "FUNCTION" <strval> (262) 74 76
    "FORWARD" <strval> (263) 72
    "CONST" <strval> (264) 4
    "TYPE" <strval> (265) 36
    "ARRAY" <strval> (266) 40
    "VAR" <strval> (267) 66 81
    "INTEGER" <strval> (268) 57
    "REAL" <strval> (269) 58
    "BOOLEAN" <strval> (270) 59
    "RECORD" <strval> (271) 42
    "CHAR" <strval> (272) 60
    "SET" <strval> (273) 41
    "IF" <strval> (274) 97
    "WHILE" <strval> (275) 100
    "DO" <strval> (276) 100 101 104
    "FOR" <strval> (277) 101
    "ELSE" <strval> (278) 98
    "THEN" <strval> (279) 97
    "DOWNTO" <strval> (280) 103
    "TO" <strval> (281) 102
    "OF" <strval> (282) 40 41
    "WITH" <strval> (283) 104
    "READ" <strval> (284) 107
    "WRITE" <strval> (285) 108
    ">= or | or <= or | or <> or | or > or | or<" <strval> (286) 8
    "ADD" <strval> (287) 12 14 49 50
    "OR" <strval> (288) 11
    "* or / or DIV or MOD or AND" <strval> (289) 13
    "NOT" <strval> (290) 15
    "IN" <strval> (291) 10
    "(" <strval> (292) 17 19 43 77 106 107 108
    ")" <strval> (293) 17 19 43 77 106 107 108
    "." <strval> (294) 1 22
    "," <strval> (295) 24 32 45 64 109 112
    "=" <strval> (296) 6 7 9 38 39
    ":" <strval> (297) 63 68 69 74 79 80
    "[" <strval> (298) 23 30 31 40
    "]" <strval> (299) 23 30 31 40
    ":=" <strval> (300) 95 96 101
    ".." <strval> (301) 34 44 47
    ";" <strval> (302) 2 4 6 36 38 61 66 68 70 72 73 79 84
    "identifier" <strval> (303) 2 6 7 17 21 22 38 39 48 50 54 56 64 65 74 75 76 101 105 106
    "integer const" <intval> (304) 26 49 51
    "unsigned float const" <floatval> (305) 27
    "boolean constant" <strval> (306) 28 53
    "character consant" <charval> (307) 29 52
    "string constant" <strval> (308) 96 115
    "comment" <strval> (309)


Nonterminals, with rules where they appear

    $accept (55)
        on left: 0
    program (56)
        on left: 1
        on right: 0
    header (57)
        on left: 2
        on right: 1
    declarations (58)
        on left: 3
        on right: 1 73
    constdefs (59)
        on left: 4 5
        on right: 3
    constant_defs (60)
        on left: 6 7
        on right: 4 6
    expression (61)
        on left: 8 9 10 11 12 13 14 15 16 17 18 19 20
        on right: 6 7 8 9 10 11 12 13 14 15 19 24 25 34 35 95 97 100 102 103 114
    variable (62)
        on left: 21 22 23
        on right: 16 22 23 95 96 104 111
    expressions (63)
        on left: 24 25
        on right: 17 23 24 106
    constant (64)
        on left: 26 27 28 29
        on right: 18
    setexpression (65)
        on left: 30 31
        on right: 20
    elexpressions (66)
        on left: 32 33
        on right: 30 32
    elexpression (67)
        on left: 34 35
        on right: 32 33
    typedefs (68)
        on left: 36 37
        on right: 3
    type_defs (69)
        on left: 38 39
        on right: 36 38
    type_def (70)
        on left: 40 41 42 43 44
        on right: 38 39
    dims (71)
        on left: 45 46
        on right: 40 45
    limits (72)
        on left: 47 48
        on right: 45 46
    limit (73)
        on left: 49 50 51 52 53 54
        on right: 44 47
    typename (74)
        on left: 55 56
        on right: 40 41 63 68 69 79 80
    standard_type (75)
        on left: 57 58 59 60
        on right: 55 74
    fields (76)
        on left: 61 62
        on right: 42 61
    field (77)
        on left: 63
        on right: 61 62
    identifiers (78)
        on left: 64 65
        on right: 43 63 64 68 69 79 80
    vardefs (79)
        on left: 66 67
        on right: 3
    variable_defs (80)
        on left: 68 69
        on right: 66 68
    subprograms (81)
        on left: 70 71
        on right: 1 70 73
    subprogram (82)
        on left: 72 73
        on right: 70
    sub_header (83)
        on left: 74 75 76
        on right: 72 73
    formal_parameters (84)
        on left: 77 78
        on right: 74 75
    parameter_list (85)
        on left: 79 80
        on right: 77 79
    pass (86)
        on left: 81 82
        on right: 79 80
    comp_statement (87)
        on left: 83
        on right: 1 73 93
    statements (88)
        on left: 84 85
        on right: 83 84
    statement (89)
        on left: 86 87 88 89 90 91 92 93 94
        on right: 84 85 97 98 100 101 104
    assignment (90)
        on left: 95 96
        on right: 86
    if_statement (91)
        on left: 97
        on right: 87
    if_tail (92)
        on left: 98 99
        on right: 97
    while_statement (93)
        on left: 100
        on right: 88
    for_statement (94)
        on left: 101
        on right: 89
    iter_space (95)
        on left: 102 103
        on right: 101
    with_statement (96)
        on left: 104
        on right: 90
    subprogram_call (97)
        on left: 105 106
        on right: 91
    io_statement (98)
        on left: 107 108
        on right: 92
    read_list (99)
        on left: 109 110
        on right: 107 109
    read_item (100)
        on left: 111
        on right: 109 110
    write_list (101)
        on left: 112 113
        on right: 108 112
    write_item (102)
        on left: 114 115
        on right: 112 113


State 0

    0 $accept: . program "end of file"

    "PROGRAM"  shift, and go to state 1

    program  go to state 2
    header   go to state 3


State 1

    2 header: "PROGRAM" . "identifier" ";"

    "identifier"  shift, and go to state 4


State 2

    0 $accept: program . "end of file"

    "end of file"  shift, and go to state 5


State 3

    1 program: header . declarations subprograms comp_statement "."

    "CONST"  shift, and go to state 6

    $default  reduce using rule 5 (constdefs)

    declarations  go to state 7
    constdefs     go to state 8


State 4

    2 header: "PROGRAM" "identifier" . ";"

    ";"  shift, and go to state 9


State 5

    0 $accept: program "end of file" .

    $default  accept


State 6

    4 constdefs: "CONST" . constant_defs ";"

    "identifier"  shift, and go to state 10

    constant_defs  go to state 11


State 7

    1 program: header declarations . subprograms comp_statement "."

    $default  reduce using rule 71 (subprograms)

    subprograms  go to state 12


State 8

    3 declarations: constdefs . typedefs vardefs

    "TYPE"  shift, and go to state 13

    $default  reduce using rule 37 (typedefs)

    typedefs  go to state 14


State 9

    2 header: "PROGRAM" "identifier" ";" .

    $default  reduce using rule 2 (header)


State 10

    7 constant_defs: "identifier" . "=" expression

    "="  shift, and go to state 15


State 11

    4 constdefs: "CONST" constant_defs . ";"
    6 constant_defs: constant_defs . ";" "identifier" "=" expression

    ";"  shift, and go to state 16


State 12

    1 program: header declarations subprograms . comp_statement "."
   70 subprograms: subprograms . subprogram ";"

    "BEGIN"      shift, and go to state 17
    "PROCEDURE"  shift, and go to state 18
    "FUNCTION"   shift, and go to state 19

    subprogram      go to state 20
    sub_header      go to state 21
    comp_statement  go to state 22


State 13

   36 typedefs: "TYPE" . type_defs ";"

    "identifier"  shift, and go to state 23

    type_defs  go to state 24


State 14

    3 declarations: constdefs typedefs . vardefs

    "VAR"  shift, and go to state 25

    $default  reduce using rule 67 (vardefs)

    vardefs  go to state 26


State 15

    7 constant_defs: "identifier" "=" . expression

    "ADD"                   shift, and go to state 27
    "NOT"                   shift, and go to state 28
    "("                     shift, and go to state 29
    "["                     shift, and go to state 30
    "identifier"            shift, and go to state 31
    "integer const"         shift, and go to state 32
    "unsigned float const"  shift, and go to state 33
    "boolean constant"      shift, and go to state 34
    "character consant"     shift, and go to state 35

    expression     go to state 36
    variable       go to state 37
    constant       go to state 38
    setexpression  go to state 39


State 16

    4 constdefs: "CONST" constant_defs ";" .
    6 constant_defs: constant_defs ";" . "identifier" "=" expression

    "identifier"  shift, and go to state 40

    $default  reduce using rule 4 (constdefs)


State 17

   83 comp_statement: "BEGIN" . statements "END"

    "BEGIN"       shift, and go to state 17
    "IF"          shift, and go to state 41
    "WHILE"       shift, and go to state 42
    "FOR"         shift, and go to state 43
    "WITH"        shift, and go to state 44
    "READ"        shift, and go to state 45
    "WRITE"       shift, and go to state 46
    "identifier"  shift, and go to state 47

    $default  reduce using rule 94 (statement)

    variable         go to state 48
    comp_statement   go to state 49
    statements       go to state 50
    statement        go to state 51
    assignment       go to state 52
    if_statement     go to state 53
    while_statement  go to state 54
    for_statement    go to state 55
    with_statement   go to state 56
    subprogram_call  go to state 57
    io_statement     go to state 58


State 18

   75 sub_header: "PROCEDURE" . "identifier" formal_parameters

    "identifier"  shift, and go to state 59


State 19

   74 sub_header: "FUNCTION" . "identifier" formal_parameters ":" standard_type
   76           | "FUNCTION" . "identifier"

    "identifier"  shift, and go to state 60


State 20

   70 subprograms: subprograms subprogram . ";"

    ";"  shift, and go to state 61


State 21

   72 subprogram: sub_header . ";" "FORWARD"
   73           | sub_header . ";" declarations subprograms comp_statement

    ";"  shift, and go to state 62


State 22

    1 program: header declarations subprograms comp_statement . "."

    "."  shift, and go to state 63


State 23

   39 type_defs: "identifier" . "=" type_def

    "="  shift, and go to state 64


State 24

   36 typedefs: "TYPE" type_defs . ";"
   38 type_defs: type_defs . ";" "identifier" "=" type_def

    ";"  shift, and go to state 65


State 25

   66 vardefs: "VAR" . variable_defs ";"

    "identifier"  shift, and go to state 66

    identifiers    go to state 67
    variable_defs  go to state 68


State 26

    3 declarations: constdefs typedefs vardefs .

    $default  reduce using rule 3 (declarations)


State 27

   14 expression: "ADD" . expression

    "ADD"                   shift, and go to state 27
    "NOT"                   shift, and go to state 28
    "("                     shift, and go to state 29
    "["                     shift, and go to state 30
    "identifier"            shift, and go to state 31
    "integer const"         shift, and go to state 32
    "unsigned float const"  shift, and go to state 33
    "boolean constant"      shift, and go to state 34
    "character consant"     shift, and go to state 35

    expression     go to state 69
    variable       go to state 37
    constant       go to state 38
    setexpression  go to state 39


State 28

   15 expression: "NOT" . expression

    "ADD"                   shift, and go to state 27
    "NOT"                   shift, and go to state 28
    "("                     shift, and go to state 29
    "["                     shift, and go to state 30
    "identifier"            shift, and go to state 31
    "integer const"         shift, and go to state 32
    "unsigned float const"  shift, and go to state 33
    "boolean constant"      shift, and go to state 34
    "character consant"     shift, and go to state 35

    expression     go to state 70
    variable       go to state 37
    constant       go to state 38
    setexpression  go to state 39


State 29

   19 expression: "(" . expression ")"

    "ADD"                   shift, and go to state 27
    "NOT"                   shift, and go to state 28
    "("                     shift, and go to state 29
    "["                     shift, and go to state 30
    "identifier"            shift, and go to state 31
    "integer const"         shift, and go to state 32
    "unsigned float const"  shift, and go to state 33
    "boolean constant"      shift, and go to state 34
    "character consant"     shift, and go to state 35

    expression     go to state 71
    variable       go to state 37
    constant       go to state 38
    setexpression  go to state 39


State 30

   30 setexpression: "[" . elexpressions "]"
   31              | "[" . "]"

    "ADD"                   shift, and go to state 27
    "NOT"                   shift, and go to state 28
    "("                     shift, and go to state 29
    "["                     shift, and go to state 30
    "]"                     shift, and go to state 72
    "identifier"            shift, and go to state 31
    "integer const"         shift, and go to state 32
    "unsigned float const"  shift, and go to state 33
    "boolean constant"      shift, and go to state 34
    "character consant"     shift, and go to state 35

    expression     go to state 73
    variable       go to state 37
    constant       go to state 38
    setexpression  go to state 39
    elexpressions  go to state 74
    elexpression   go to state 75


State 31

   17 expression: "identifier" . "(" expressions ")"
   21 variable: "identifier" .

    "("  shift, and go to state 76

    $default  reduce using rule 21 (variable)


State 32

   26 constant: "integer const" .

    $default  reduce using rule 26 (constant)


State 33

   27 constant: "unsigned float const" .

    $default  reduce using rule 27 (constant)


State 34

   28 constant: "boolean constant" .

    $default  reduce using rule 28 (constant)


State 35

   29 constant: "character consant" .

    $default  reduce using rule 29 (constant)


State 36

    7 constant_defs: "identifier" "=" expression .
    8 expression: expression . ">= or | or <= or | or <> or | or > or | or<" expression
    9           | expression . "=" expression
   10           | expression . "IN" expression
   11           | expression . "OR" expression
   12           | expression . "ADD" expression
   13           | expression . "* or / or DIV or MOD or AND" expression

    ">= or | or <= or | or <> or | or > or | or<"  shift, and go to state 77
    "ADD"                                          shift, and go to state 78
    "OR"                                           shift, and go to state 79
    "* or / or DIV or MOD or AND"                  shift, and go to state 80
    "IN"                                           shift, and go to state 81
    "="                                            shift, and go to state 82

    $default  reduce using rule 7 (constant_defs)


State 37

   16 expression: variable .
   22 variable: variable . "." "identifier"
   23         | variable . "[" expressions "]"

    "."  shift, and go to state 83
    "["  shift, and go to state 84

    $default  reduce using rule 16 (expression)


State 38

   18 expression: constant .

    $default  reduce using rule 18 (expression)


State 39

   20 expression: setexpression .

    $default  reduce using rule 20 (expression)


State 40

    6 constant_defs: constant_defs ";" "identifier" . "=" expression

    "="  shift, and go to state 85


State 41

   97 if_statement: "IF" . expression "THEN" statement if_tail

    "ADD"                   shift, and go to state 27
    "NOT"                   shift, and go to state 28
    "("                     shift, and go to state 29
    "["                     shift, and go to state 30
    "identifier"            shift, and go to state 31
    "integer const"         shift, and go to state 32
    "unsigned float const"  shift, and go to state 33
    "boolean constant"      shift, and go to state 34
    "character consant"     shift, and go to state 35

    expression     go to state 86
    variable       go to state 37
    constant       go to state 38
    setexpression  go to state 39


State 42

  100 while_statement: "WHILE" . expression "DO" statement

    "ADD"                   shift, and go to state 27
    "NOT"                   shift, and go to state 28
    "("                     shift, and go to state 29
    "["                     shift, and go to state 30
    "identifier"            shift, and go to state 31
    "integer const"         shift, and go to state 32
    "unsigned float const"  shift, and go to state 33
    "boolean constant"      shift, and go to state 34
    "character consant"     shift, and go to state 35

    expression     go to state 87
    variable       go to state 37
    constant       go to state 38
    setexpression  go to state 39


State 43

  101 for_statement: "FOR" . "identifier" ":=" iter_space "DO" statement

    "identifier"  shift, and go to state 88


State 44

  104 with_statement: "WITH" . variable "DO" statement

    "identifier"  shift, and go to state 89

    variable  go to state 90


State 45

  107 io_statement: "READ" . "(" read_list ")"

    "("  shift, and go to state 91


State 46

  108 io_statement: "WRITE" . "(" write_list ")"

    "("  shift, and go to state 92


State 47

   21 variable: "identifier" .
  105 subprogram_call: "identifier" .
  106                | "identifier" . "(" expressions ")"

    "("  shift, and go to state 93

    "END"     reduce using rule 105 (subprogram_call)
    "ELSE"    reduce using rule 105 (subprogram_call)
    ";"       reduce using rule 105 (subprogram_call)
    $default  reduce using rule 21 (variable)


State 48

   22 variable: variable . "." "identifier"
   23         | variable . "[" expressions "]"
   95 assignment: variable . ":=" expression
   96           | variable . ":=" "string constant"

    "."   shift, and go to state 83
    "["   shift, and go to state 84
    ":="  shift, and go to state 94


State 49

   93 statement: comp_statement .

    $default  reduce using rule 93 (statement)


State 50

   83 comp_statement: "BEGIN" statements . "END"
   84 statements: statements . ";" statement

    "END"  shift, and go to state 95
    ";"    shift, and go to state 96


State 51

   85 statements: statement .

    $default  reduce using rule 85 (statements)


State 52

   86 statement: assignment .

    $default  reduce using rule 86 (statement)


State 53

   87 statement: if_statement .

    $default  reduce using rule 87 (statement)


State 54

   88 statement: while_statement .

    $default  reduce using rule 88 (statement)


State 55

   89 statement: for_statement .

    $default  reduce using rule 89 (statement)


State 56

   90 statement: with_statement .

    $default  reduce using rule 90 (statement)


State 57

   91 statement: subprogram_call .

    $default  reduce using rule 91 (statement)


State 58

   92 statement: io_statement .

    $default  reduce using rule 92 (statement)


State 59

   75 sub_header: "PROCEDURE" "identifier" . formal_parameters

    "("  shift, and go to state 97

    $default  reduce using rule 78 (formal_parameters)

    formal_parameters  go to state 98


State 60

   74 sub_header: "FUNCTION" "identifier" . formal_parameters ":" standard_type
   76           | "FUNCTION" "identifier" .

    "("  shift, and go to state 97

    ":"       reduce using rule 78 (formal_parameters)
    $default  reduce using rule 76 (sub_header)

    formal_parameters  go to state 99


State 61

   70 subprograms: subprograms subprogram ";" .

    $default  reduce using rule 70 (subprograms)


State 62

   72 subprogram: sub_header ";" . "FORWARD"
   73           | sub_header ";" . declarations subprograms comp_statement

    "FORWARD"  shift, and go to state 100
    "CONST"    shift, and go to state 6

    $default  reduce using rule 5 (constdefs)

    declarations  go to state 101
    constdefs     go to state 8


State 63

    1 program: header declarations subprograms comp_statement "." .

    $default  reduce using rule 1 (program)


State 64

   39 type_defs: "identifier" "=" . type_def

    "ARRAY"              shift, and go to state 102
    "RECORD"             shift, and go to state 103
    "SET"                shift, and go to state 104
    "ADD"                shift, and go to state 105
    "("                  shift, and go to state 106
    "identifier"         shift, and go to state 107
    "integer const"      shift, and go to state 108
    "boolean constant"   shift, and go to state 109
    "character consant"  shift, and go to state 110

    type_def  go to state 111
    limit     go to state 112


State 65

   36 typedefs: "TYPE" type_defs ";" .
   38 type_defs: type_defs ";" . "identifier" "=" type_def

    "identifier"  shift, and go to state 113

    $default  reduce using rule 36 (typedefs)


State 66

   65 identifiers: "identifier" .

    $default  reduce using rule 65 (identifiers)


State 67

   64 identifiers: identifiers . "," "identifier"
   69 variable_defs: identifiers . ":" typename

    ","  shift, and go to state 114
    ":"  shift, and go to state 115


State 68

   66 vardefs: "VAR" variable_defs . ";"
   68 variable_defs: variable_defs . ";" identifiers ":" typename

    ";"  shift, and go to state 116


State 69

    8 expression: expression . ">= or | or <= or | or <> or | or > or | or<" expression
    9           | expression . "=" expression
   10           | expression . "IN" expression
   11           | expression . "OR" expression
   12           | expression . "ADD" expression
   13           | expression . "* or / or DIV or MOD or AND" expression
   14           | "ADD" expression .

    ">= or | or <= or | or <> or | or > or | or<"  shift, and go to state 77
    "ADD"                                          shift, and go to state 78
    "OR"                                           shift, and go to state 79
    "* or / or DIV or MOD or AND"                  shift, and go to state 80
    "IN"                                           shift, and go to state 81
    "="                                            shift, and go to state 82

    ">= or | or <= or | or <> or | or > or | or<"  [reduce using rule 14 (expression)]
    "ADD"                                          [reduce using rule 14 (expression)]
    "OR"                                           [reduce using rule 14 (expression)]
    "* or / or DIV or MOD or AND"                  [reduce using rule 14 (expression)]
    "IN"                                           [reduce using rule 14 (expression)]
    "="                                            [reduce using rule 14 (expression)]
    $default                                       reduce using rule 14 (expression)


State 70

    8 expression: expression . ">= or | or <= or | or <> or | or > or | or<" expression
    9           | expression . "=" expression
   10           | expression . "IN" expression
   11           | expression . "OR" expression
   12           | expression . "ADD" expression
   13           | expression . "* or / or DIV or MOD or AND" expression
   15           | "NOT" expression .

    ">= or | or <= or | or <> or | or > or | or<"  shift, and go to state 77
    "ADD"                                          shift, and go to state 78
    "OR"                                           shift, and go to state 79
    "* or / or DIV or MOD or AND"                  shift, and go to state 80
    "IN"                                           shift, and go to state 81
    "="                                            shift, and go to state 82

    ">= or | or <= or | or <> or | or > or | or<"  [reduce using rule 15 (expression)]
    "ADD"                                          [reduce using rule 15 (expression)]
    "OR"                                           [reduce using rule 15 (expression)]
    "* or / or DIV or MOD or AND"                  [reduce using rule 15 (expression)]
    "IN"                                           [reduce using rule 15 (expression)]
    "="                                            [reduce using rule 15 (expression)]
    $default                                       reduce using rule 15 (expression)


State 71

    8 expression: expression . ">= or | or <= or | or <> or | or > or | or<" expression
    9           | expression . "=" expression
   10           | expression . "IN" expression
   11           | expression . "OR" expression
   12           | expression . "ADD" expression
   13           | expression . "* or / or DIV or MOD or AND" expression
   19           | "(" expression . ")"

    ">= or | or <= or | or <> or | or > or | or<"  shift, and go to state 77
    "ADD"                                          shift, and go to state 78
    "OR"                                           shift, and go to state 79
    "* or / or DIV or MOD or AND"                  shift, and go to state 80
    "IN"                                           shift, and go to state 81
    ")"                                            shift, and go to state 117
    "="                                            shift, and go to state 82


State 72

   31 setexpression: "[" "]" .

    $default  reduce using rule 31 (setexpression)


State 73

    8 expression: expression . ">= or | or <= or | or <> or | or > or | or<" expression
    9           | expression . "=" expression
   10           | expression . "IN" expression
   11           | expression . "OR" expression
   12           | expression . "ADD" expression
   13           | expression . "* or / or DIV or MOD or AND" expression
   34 elexpression: expression . ".." expression
   35             | expression .

    ">= or | or <= or | or <> or | or > or | or<"  shift, and go to state 77
    "ADD"                                          shift, and go to state 78
    "OR"                                           shift, and go to state 79
    "* or / or DIV or MOD or AND"                  shift, and go to state 80
    "IN"                                           shift, and go to state 81
    "="                                            shift, and go to state 82
    ".."                                           shift, and go to state 118

    $default  reduce using rule 35 (elexpression)


State 74

   30 setexpression: "[" elexpressions . "]"
   32 elexpressions: elexpressions . "," elexpression

    ","  shift, and go to state 119
    "]"  shift, and go to state 120


State 75

   33 elexpressions: elexpression .

    $default  reduce using rule 33 (elexpressions)


State 76

   17 expression: "identifier" "(" . expressions ")"

    "ADD"                   shift, and go to state 27
    "NOT"                   shift, and go to state 28
    "("                     shift, and go to state 29
    "["                     shift, and go to state 30
    "identifier"            shift, and go to state 31
    "integer const"         shift, and go to state 32
    "unsigned float const"  shift, and go to state 33
    "boolean constant"      shift, and go to state 34
    "character consant"     shift, and go to state 35

    expression     go to state 121
    variable       go to state 37
    expressions    go to state 122
    constant       go to state 38
    setexpression  go to state 39


State 77

    8 expression: expression ">= or | or <= or | or <> or | or > or | or<" . expression

    "ADD"                   shift, and go to state 27
    "NOT"                   shift, and go to state 28
    "("                     shift, and go to state 29
    "["                     shift, and go to state 30
    "identifier"            shift, and go to state 31
    "integer const"         shift, and go to state 32
    "unsigned float const"  shift, and go to state 33
    "boolean constant"      shift, and go to state 34
    "character consant"     shift, and go to state 35

    expression     go to state 123
    variable       go to state 37
    constant       go to state 38
    setexpression  go to state 39


State 78

   12 expression: expression "ADD" . expression

    "ADD"                   shift, and go to state 27
    "NOT"                   shift, and go to state 28
    "("                     shift, and go to state 29
    "["                     shift, and go to state 30
    "identifier"            shift, and go to state 31
    "integer const"         shift, and go to state 32
    "unsigned float const"  shift, and go to state 33
    "boolean constant"      shift, and go to state 34
    "character consant"     shift, and go to state 35

    expression     go to state 124
    variable       go to state 37
    constant       go to state 38
    setexpression  go to state 39


State 79

   11 expression: expression "OR" . expression

    "ADD"                   shift, and go to state 27
    "NOT"                   shift, and go to state 28
    "("                     shift, and go to state 29
    "["                     shift, and go to state 30
    "identifier"            shift, and go to state 31
    "integer const"         shift, and go to state 32
    "unsigned float const"  shift, and go to state 33
    "boolean constant"      shift, and go to state 34
    "character consant"     shift, and go to state 35

    expression     go to state 125
    variable       go to state 37
    constant       go to state 38
    setexpression  go to state 39


State 80

   13 expression: expression "* or / or DIV or MOD or AND" . expression

    "ADD"                   shift, and go to state 27
    "NOT"                   shift, and go to state 28
    "("                     shift, and go to state 29
    "["                     shift, and go to state 30
    "identifier"            shift, and go to state 31
    "integer const"         shift, and go to state 32
    "unsigned float const"  shift, and go to state 33
    "boolean constant"      shift, and go to state 34
    "character consant"     shift, and go to state 35

    expression     go to state 126
    variable       go to state 37
    constant       go to state 38
    setexpression  go to state 39


State 81

   10 expression: expression "IN" . expression

    "ADD"                   shift, and go to state 27
    "NOT"                   shift, and go to state 28
    "("                     shift, and go to state 29
    "["                     shift, and go to state 30
    "identifier"            shift, and go to state 31
    "integer const"         shift, and go to state 32
    "unsigned float const"  shift, and go to state 33
    "boolean constant"      shift, and go to state 34
    "character consant"     shift, and go to state 35

    expression     go to state 127
    variable       go to state 37
    constant       go to state 38
    setexpression  go to state 39


State 82

    9 expression: expression "=" . expression

    "ADD"                   shift, and go to state 27
    "NOT"                   shift, and go to state 28
    "("                     shift, and go to state 29
    "["                     shift, and go to state 30
    "identifier"            shift, and go to state 31
    "integer const"         shift, and go to state 32
    "unsigned float const"  shift, and go to state 33
    "boolean constant"      shift, and go to state 34
    "character consant"     shift, and go to state 35

    expression     go to state 128
    variable       go to state 37
    constant       go to state 38
    setexpression  go to state 39


State 83

   22 variable: variable "." . "identifier"

    "identifier"  shift, and go to state 129


State 84

   23 variable: variable "[" . expressions "]"

    "ADD"                   shift, and go to state 27
    "NOT"                   shift, and go to state 28
    "("                     shift, and go to state 29
    "["                     shift, and go to state 30
    "identifier"            shift, and go to state 31
    "integer const"         shift, and go to state 32
    "unsigned float const"  shift, and go to state 33
    "boolean constant"      shift, and go to state 34
    "character consant"     shift, and go to state 35

    expression     go to state 121
    variable       go to state 37
    expressions    go to state 130
    constant       go to state 38
    setexpression  go to state 39


State 85

    6 constant_defs: constant_defs ";" "identifier" "=" . expression

    "ADD"                   shift, and go to state 27
    "NOT"                   shift, and go to state 28
    "("                     shift, and go to state 29
    "["                     shift, and go to state 30
    "identifier"            shift, and go to state 31
    "integer const"         shift, and go to state 32
    "unsigned float const"  shift, and go to state 33
    "boolean constant"      shift, and go to state 34
    "character consant"     shift, and go to state 35

    expression     go to state 131
    variable       go to state 37
    constant       go to state 38
    setexpression  go to state 39


State 86

    8 expression: expression . ">= or | or <= or | or <> or | or > or | or<" expression
    9           | expression . "=" expression
   10           | expression . "IN" expression
   11           | expression . "OR" expression
   12           | expression . "ADD" expression
   13           | expression . "* or / or DIV or MOD or AND" expression
   97 if_statement: "IF" expression . "THEN" statement if_tail

    "THEN"                                         shift, and go to state 132
    ">= or | or <= or | or <> or | or > or | or<"  shift, and go to state 77
    "ADD"                                          shift, and go to state 78
    "OR"                                           shift, and go to state 79
    "* or / or DIV or MOD or AND"                  shift, and go to state 80
    "IN"                                           shift, and go to state 81
    "="                                            shift, and go to state 82


State 87

    8 expression: expression . ">= or | or <= or | or <> or | or > or | or<" expression
    9           | expression . "=" expression
   10           | expression . "IN" expression
   11           | expression . "OR" expression
   12           | expression . "ADD" expression
   13           | expression . "* or / or DIV or MOD or AND" expression
  100 while_statement: "WHILE" expression . "DO" statement

    "DO"                                           shift, and go to state 133
    ">= or | or <= or | or <> or | or > or | or<"  shift, and go to state 77
    "ADD"                                          shift, and go to state 78
    "OR"                                           shift, and go to state 79
    "* or / or DIV or MOD or AND"                  shift, and go to state 80
    "IN"                                           shift, and go to state 81
    "="                                            shift, and go to state 82


State 88

  101 for_statement: "FOR" "identifier" . ":=" iter_space "DO" statement

    ":="  shift, and go to state 134


State 89

   21 variable: "identifier" .

    $default  reduce using rule 21 (variable)


State 90

   22 variable: variable . "." "identifier"
   23         | variable . "[" expressions "]"
  104 with_statement: "WITH" variable . "DO" statement

    "DO"  shift, and go to state 135
    "."   shift, and go to state 83
    "["   shift, and go to state 84


State 91

  107 io_statement: "READ" "(" . read_list ")"

    "identifier"  shift, and go to state 89

    variable   go to state 136
    read_list  go to state 137
    read_item  go to state 138


State 92

  108 io_statement: "WRITE" "(" . write_list ")"

    "ADD"                   shift, and go to state 27
    "NOT"                   shift, and go to state 28
    "("                     shift, and go to state 29
    "["                     shift, and go to state 30
    "identifier"            shift, and go to state 31
    "integer const"         shift, and go to state 32
    "unsigned float const"  shift, and go to state 33
    "boolean constant"      shift, and go to state 34
    "character consant"     shift, and go to state 35
    "string constant"       shift, and go to state 139

    expression     go to state 140
    variable       go to state 37
    constant       go to state 38
    setexpression  go to state 39
    write_list     go to state 141
    write_item     go to state 142


State 93

  106 subprogram_call: "identifier" "(" . expressions ")"

    "ADD"                   shift, and go to state 27
    "NOT"                   shift, and go to state 28
    "("                     shift, and go to state 29
    "["                     shift, and go to state 30
    "identifier"            shift, and go to state 31
    "integer const"         shift, and go to state 32
    "unsigned float const"  shift, and go to state 33
    "boolean constant"      shift, and go to state 34
    "character consant"     shift, and go to state 35

    expression     go to state 121
    variable       go to state 37
    expressions    go to state 143
    constant       go to state 38
    setexpression  go to state 39


State 94

   95 assignment: variable ":=" . expression
   96           | variable ":=" . "string constant"

    "ADD"                   shift, and go to state 27
    "NOT"                   shift, and go to state 28
    "("                     shift, and go to state 29
    "["                     shift, and go to state 30
    "identifier"            shift, and go to state 31
    "integer const"         shift, and go to state 32
    "unsigned float const"  shift, and go to state 33
    "boolean constant"      shift, and go to state 34
    "character consant"     shift, and go to state 35
    "string constant"       shift, and go to state 144

    expression     go to state 145
    variable       go to state 37
    constant       go to state 38
    setexpression  go to state 39


State 95

   83 comp_statement: "BEGIN" statements "END" .

    $default  reduce using rule 83 (comp_statement)


State 96

   84 statements: statements ";" . statement

    "BEGIN"       shift, and go to state 17
    "IF"          shift, and go to state 41
    "WHILE"       shift, and go to state 42
    "FOR"         shift, and go to state 43
    "WITH"        shift, and go to state 44
    "READ"        shift, and go to state 45
    "WRITE"       shift, and go to state 46
    "identifier"  shift, and go to state 47

    $default  reduce using rule 94 (statement)

    variable         go to state 48
    comp_statement   go to state 49
    statement        go to state 146
    assignment       go to state 52
    if_statement     go to state 53
    while_statement  go to state 54
    for_statement    go to state 55
    with_statement   go to state 56
    subprogram_call  go to state 57
    io_statement     go to state 58


State 97

   77 formal_parameters: "(" . parameter_list ")"

    "VAR"  shift, and go to state 147

    $default  reduce using rule 82 (pass)

    parameter_list  go to state 148
    pass            go to state 149


State 98

   75 sub_header: "PROCEDURE" "identifier" formal_parameters .

    $default  reduce using rule 75 (sub_header)


State 99

   74 sub_header: "FUNCTION" "identifier" formal_parameters . ":" standard_type

    ":"  shift, and go to state 150


State 100

   72 subprogram: sub_header ";" "FORWARD" .

    $default  reduce using rule 72 (subprogram)


State 101

   73 subprogram: sub_header ";" declarations . subprograms comp_statement

    $default  reduce using rule 71 (subprograms)

    subprograms  go to state 151


State 102

   40 type_def: "ARRAY" . "[" dims "]" "OF" typename

    "["  shift, and go to state 152


State 103

   42 type_def: "RECORD" . fields "END"

    "identifier"  shift, and go to state 66

    fields       go to state 153
    field        go to state 154
    identifiers  go to state 155


State 104

   41 type_def: "SET" . "OF" typename

    "OF"  shift, and go to state 156


State 105

   49 limit: "ADD" . "integer const"
   50      | "ADD" . "identifier"

    "identifier"     shift, and go to state 157
    "integer const"  shift, and go to state 158


State 106

   43 type_def: "(" . identifiers ")"

    "identifier"  shift, and go to state 66

    identifiers  go to state 159


State 107

   54 limit: "identifier" .

    $default  reduce using rule 54 (limit)


State 108

   51 limit: "integer const" .

    $default  reduce using rule 51 (limit)


State 109

   53 limit: "boolean constant" .

    $default  reduce using rule 53 (limit)


State 110

   52 limit: "character consant" .

    $default  reduce using rule 52 (limit)


State 111

   39 type_defs: "identifier" "=" type_def .

    $default  reduce using rule 39 (type_defs)


State 112

   44 type_def: limit . ".." limit

    ".."  shift, and go to state 160


State 113

   38 type_defs: type_defs ";" "identifier" . "=" type_def

    "="  shift, and go to state 161


State 114

   64 identifiers: identifiers "," . "identifier"

    "identifier"  shift, and go to state 162


State 115

   69 variable_defs: identifiers ":" . typename

    "INTEGER"     shift, and go to state 163
    "REAL"        shift, and go to state 164
    "BOOLEAN"     shift, and go to state 165
    "CHAR"        shift, and go to state 166
    "identifier"  shift, and go to state 167

    typename       go to state 168
    standard_type  go to state 169


State 116

   66 vardefs: "VAR" variable_defs ";" .
   68 variable_defs: variable_defs ";" . identifiers ":" typename

    "identifier"  shift, and go to state 66

    $default  reduce using rule 66 (vardefs)

    identifiers  go to state 170


State 117

   19 expression: "(" expression ")" .

    $default  reduce using rule 19 (expression)


State 118

   34 elexpression: expression ".." . expression

    "ADD"                   shift, and go to state 27
    "NOT"                   shift, and go to state 28
    "("                     shift, and go to state 29
    "["                     shift, and go to state 30
    "identifier"            shift, and go to state 31
    "integer const"         shift, and go to state 32
    "unsigned float const"  shift, and go to state 33
    "boolean constant"      shift, and go to state 34
    "character consant"     shift, and go to state 35

    expression     go to state 171
    variable       go to state 37
    constant       go to state 38
    setexpression  go to state 39


State 119

   32 elexpressions: elexpressions "," . elexpression

    "ADD"                   shift, and go to state 27
    "NOT"                   shift, and go to state 28
    "("                     shift, and go to state 29
    "["                     shift, and go to state 30
    "identifier"            shift, and go to state 31
    "integer const"         shift, and go to state 32
    "unsigned float const"  shift, and go to state 33
    "boolean constant"      shift, and go to state 34
    "character consant"     shift, and go to state 35

    expression     go to state 73
    variable       go to state 37
    constant       go to state 38
    setexpression  go to state 39
    elexpression   go to state 172


State 120

   30 setexpression: "[" elexpressions "]" .

    $default  reduce using rule 30 (setexpression)


State 121

    8 expression: expression . ">= or | or <= or | or <> or | or > or | or<" expression
    9           | expression . "=" expression
   10           | expression . "IN" expression
   11           | expression . "OR" expression
   12           | expression . "ADD" expression
   13           | expression . "* or / or DIV or MOD or AND" expression
   25 expressions: expression .

    ">= or | or <= or | or <> or | or > or | or<"  shift, and go to state 77
    "ADD"                                          shift, and go to state 78
    "OR"                                           shift, and go to state 79
    "* or / or DIV or MOD or AND"                  shift, and go to state 80
    "IN"                                           shift, and go to state 81
    "="                                            shift, and go to state 82

    $default  reduce using rule 25 (expressions)


State 122

   17 expression: "identifier" "(" expressions . ")"
   24 expressions: expressions . "," expression

    ")"  shift, and go to state 173
    ","  shift, and go to state 174


State 123

    8 expression: expression . ">= or | or <= or | or <> or | or > or | or<" expression
    8           | expression ">= or | or <= or | or <> or | or > or | or<" expression .
    9           | expression . "=" expression
   10           | expression . "IN" expression
   11           | expression . "OR" expression
   12           | expression . "ADD" expression
   13           | expression . "* or / or DIV or MOD or AND" expression

    ">= or | or <= or | or <> or | or > or | or<"  shift, and go to state 77
    "ADD"                                          shift, and go to state 78
    "OR"                                           shift, and go to state 79
    "* or / or DIV or MOD or AND"                  shift, and go to state 80
    "IN"                                           shift, and go to state 81
    "="                                            shift, and go to state 82

    ">= or | or <= or | or <> or | or > or | or<"  [reduce using rule 8 (expression)]
    "ADD"                                          [reduce using rule 8 (expression)]
    "OR"                                           [reduce using rule 8 (expression)]
    "* or / or DIV or MOD or AND"                  [reduce using rule 8 (expression)]
    "IN"                                           [reduce using rule 8 (expression)]
    "="                                            [reduce using rule 8 (expression)]
    $default                                       reduce using rule 8 (expression)


State 124

    8 expression: expression . ">= or | or <= or | or <> or | or > or | or<" expression
    9           | expression . "=" expression
   10           | expression . "IN" expression
   11           | expression . "OR" expression
   12           | expression . "ADD" expression
   12           | expression "ADD" expression .
   13           | expression . "* or / or DIV or MOD or AND" expression

    ">= or | or <= or | or <> or | or > or | or<"  shift, and go to state 77
    "ADD"                                          shift, and go to state 78
    "OR"                                           shift, and go to state 79
    "* or / or DIV or MOD or AND"                  shift, and go to state 80
    "IN"                                           shift, and go to state 81
    "="                                            shift, and go to state 82

    ">= or | or <= or | or <> or | or > or | or<"  [reduce using rule 12 (expression)]
    "ADD"                                          [reduce using rule 12 (expression)]
    "OR"                                           [reduce using rule 12 (expression)]
    "* or / or DIV or MOD or AND"                  [reduce using rule 12 (expression)]
    "IN"                                           [reduce using rule 12 (expression)]
    "="                                            [reduce using rule 12 (expression)]
    $default                                       reduce using rule 12 (expression)


State 125

    8 expression: expression . ">= or | or <= or | or <> or | or > or | or<" expression
    9           | expression . "=" expression
   10           | expression . "IN" expression
   11           | expression . "OR" expression
   11           | expression "OR" expression .
   12           | expression . "ADD" expression
   13           | expression . "* or / or DIV or MOD or AND" expression

    ">= or | or <= or | or <> or | or > or | or<"  shift, and go to state 77
    "ADD"                                          shift, and go to state 78
    "OR"                                           shift, and go to state 79
    "* or / or DIV or MOD or AND"                  shift, and go to state 80
    "IN"                                           shift, and go to state 81
    "="                                            shift, and go to state 82

    ">= or | or <= or | or <> or | or > or | or<"  [reduce using rule 11 (expression)]
    "ADD"                                          [reduce using rule 11 (expression)]
    "OR"                                           [reduce using rule 11 (expression)]
    "* or / or DIV or MOD or AND"                  [reduce using rule 11 (expression)]
    "IN"                                           [reduce using rule 11 (expression)]
    "="                                            [reduce using rule 11 (expression)]
    $default                                       reduce using rule 11 (expression)


State 126

    8 expression: expression . ">= or | or <= or | or <> or | or > or | or<" expression
    9           | expression . "=" expression
   10           | expression . "IN" expression
   11           | expression . "OR" expression
   12           | expression . "ADD" expression
   13           | expression . "* or / or DIV or MOD or AND" expression
   13           | expression "* or / or DIV or MOD or AND" expression .

    ">= or | or <= or | or <> or | or > or | or<"  shift, and go to state 77
    "ADD"                                          shift, and go to state 78
    "OR"                                           shift, and go to state 79
    "* or / or DIV or MOD or AND"                  shift, and go to state 80
    "IN"                                           shift, and go to state 81
    "="                                            shift, and go to state 82

    ">= or | or <= or | or <> or | or > or | or<"  [reduce using rule 13 (expression)]
    "ADD"                                          [reduce using rule 13 (expression)]
    "OR"                                           [reduce using rule 13 (expression)]
    "* or / or DIV or MOD or AND"                  [reduce using rule 13 (expression)]
    "IN"                                           [reduce using rule 13 (expression)]
    "="                                            [reduce using rule 13 (expression)]
    $default                                       reduce using rule 13 (expression)


State 127

    8 expression: expression . ">= or | or <= or | or <> or | or > or | or<" expression
    9           | expression . "=" expression
   10           | expression . "IN" expression
   10           | expression "IN" expression .
   11           | expression . "OR" expression
   12           | expression . "ADD" expression
   13           | expression . "* or / or DIV or MOD or AND" expression

    ">= or | or <= or | or <> or | or > or | or<"  shift, and go to state 77
    "ADD"                                          shift, and go to state 78
    "OR"                                           shift, and go to state 79
    "* or / or DIV or MOD or AND"                  shift, and go to state 80
    "IN"                                           shift, and go to state 81
    "="                                            shift, and go to state 82

    ">= or | or <= or | or <> or | or > or | or<"  [reduce using rule 10 (expression)]
    "ADD"                                          [reduce using rule 10 (expression)]
    "OR"                                           [reduce using rule 10 (expression)]
    "* or / or DIV or MOD or AND"                  [reduce using rule 10 (expression)]
    "IN"                                           [reduce using rule 10 (expression)]
    "="                                            [reduce using rule 10 (expression)]
    $default                                       reduce using rule 10 (expression)


State 128

    8 expression: expression . ">= or | or <= or | or <> or | or > or | or<" expression
    9           | expression . "=" expression
    9           | expression "=" expression .
   10           | expression . "IN" expression
   11           | expression . "OR" expression
   12           | expression . "ADD" expression
   13           | expression . "* or / or DIV or MOD or AND" expression

    ">= or | or <= or | or <> or | or > or | or<"  shift, and go to state 77
    "ADD"                                          shift, and go to state 78
    "OR"                                           shift, and go to state 79
    "* or / or DIV or MOD or AND"                  shift, and go to state 80
    "IN"                                           shift, and go to state 81
    "="                                            shift, and go to state 82

    ">= or | or <= or | or <> or | or > or | or<"  [reduce using rule 9 (expression)]
    "ADD"                                          [reduce using rule 9 (expression)]
    "OR"                                           [reduce using rule 9 (expression)]
    "* or / or DIV or MOD or AND"                  [reduce using rule 9 (expression)]
    "IN"                                           [reduce using rule 9 (expression)]
    "="                                            [reduce using rule 9 (expression)]
    $default                                       reduce using rule 9 (expression)


State 129

   22 variable: variable "." "identifier" .

    $default  reduce using rule 22 (variable)


State 130

   23 variable: variable "[" expressions . "]"
   24 expressions: expressions . "," expression

    ","  shift, and go to state 174
    "]"  shift, and go to state 175


State 131

    6 constant_defs: constant_defs ";" "identifier" "=" expression .
    8 expression: expression . ">= or | or <= or | or <> or | or > or | or<" expression
    9           | expression . "=" expression
   10           | expression . "IN" expression
   11           | expression . "OR" expression
   12           | expression . "ADD" expression
   13           | expression . "* or / or DIV or MOD or AND" expression

    ">= or | or <= or | or <> or | or > or | or<"  shift, and go to state 77
    "ADD"                                          shift, and go to state 78
    "OR"                                           shift, and go to state 79
    "* or / or DIV or MOD or AND"                  shift, and go to state 80
    "IN"                                           shift, and go to state 81
    "="                                            shift, and go to state 82

    $default  reduce using rule 6 (constant_defs)


State 132

   97 if_statement: "IF" expression "THEN" . statement if_tail

    "BEGIN"       shift, and go to state 17
    "IF"          shift, and go to state 41
    "WHILE"       shift, and go to state 42
    "FOR"         shift, and go to state 43
    "WITH"        shift, and go to state 44
    "READ"        shift, and go to state 45
    "WRITE"       shift, and go to state 46
    "identifier"  shift, and go to state 47

    $default  reduce using rule 94 (statement)

    variable         go to state 48
    comp_statement   go to state 49
    statement        go to state 176
    assignment       go to state 52
    if_statement     go to state 53
    while_statement  go to state 54
    for_statement    go to state 55
    with_statement   go to state 56
    subprogram_call  go to state 57
    io_statement     go to state 58


State 133

  100 while_statement: "WHILE" expression "DO" . statement

    "BEGIN"       shift, and go to state 17
    "IF"          shift, and go to state 41
    "WHILE"       shift, and go to state 42
    "FOR"         shift, and go to state 43
    "WITH"        shift, and go to state 44
    "READ"        shift, and go to state 45
    "WRITE"       shift, and go to state 46
    "identifier"  shift, and go to state 47

    $default  reduce using rule 94 (statement)

    variable         go to state 48
    comp_statement   go to state 49
    statement        go to state 177
    assignment       go to state 52
    if_statement     go to state 53
    while_statement  go to state 54
    for_statement    go to state 55
    with_statement   go to state 56
    subprogram_call  go to state 57
    io_statement     go to state 58


State 134

  101 for_statement: "FOR" "identifier" ":=" . iter_space "DO" statement

    "ADD"                   shift, and go to state 27
    "NOT"                   shift, and go to state 28
    "("                     shift, and go to state 29
    "["                     shift, and go to state 30
    "identifier"            shift, and go to state 31
    "integer const"         shift, and go to state 32
    "unsigned float const"  shift, and go to state 33
    "boolean constant"      shift, and go to state 34
    "character consant"     shift, and go to state 35

    expression     go to state 178
    variable       go to state 37
    constant       go to state 38
    setexpression  go to state 39
    iter_space     go to state 179


State 135

  104 with_statement: "WITH" variable "DO" . statement

    "BEGIN"       shift, and go to state 17
    "IF"          shift, and go to state 41
    "WHILE"       shift, and go to state 42
    "FOR"         shift, and go to state 43
    "WITH"        shift, and go to state 44
    "READ"        shift, and go to state 45
    "WRITE"       shift, and go to state 46
    "identifier"  shift, and go to state 47

    $default  reduce using rule 94 (statement)

    variable         go to state 48
    comp_statement   go to state 49
    statement        go to state 180
    assignment       go to state 52
    if_statement     go to state 53
    while_statement  go to state 54
    for_statement    go to state 55
    with_statement   go to state 56
    subprogram_call  go to state 57
    io_statement     go to state 58


State 136

   22 variable: variable . "." "identifier"
   23         | variable . "[" expressions "]"
  111 read_item: variable .

    "."  shift, and go to state 83
    "["  shift, and go to state 84

    $default  reduce using rule 111 (read_item)


State 137

  107 io_statement: "READ" "(" read_list . ")"
  109 read_list: read_list . "," read_item

    ")"  shift, and go to state 181
    ","  shift, and go to state 182


State 138

  110 read_list: read_item .

    $default  reduce using rule 110 (read_list)


State 139

  115 write_item: "string constant" .

    $default  reduce using rule 115 (write_item)


State 140

    8 expression: expression . ">= or | or <= or | or <> or | or > or | or<" expression
    9           | expression . "=" expression
   10           | expression . "IN" expression
   11           | expression . "OR" expression
   12           | expression . "ADD" expression
   13           | expression . "* or / or DIV or MOD or AND" expression
  114 write_item: expression .

    ">= or | or <= or | or <> or | or > or | or<"  shift, and go to state 77
    "ADD"                                          shift, and go to state 78
    "OR"                                           shift, and go to state 79
    "* or / or DIV or MOD or AND"                  shift, and go to state 80
    "IN"                                           shift, and go to state 81
    "="                                            shift, and go to state 82

    $default  reduce using rule 114 (write_item)


State 141

  108 io_statement: "WRITE" "(" write_list . ")"
  112 write_list: write_list . "," write_item

    ")"  shift, and go to state 183
    ","  shift, and go to state 184


State 142

  113 write_list: write_item .

    $default  reduce using rule 113 (write_list)


State 143

   24 expressions: expressions . "," expression
  106 subprogram_call: "identifier" "(" expressions . ")"

    ")"  shift, and go to state 185
    ","  shift, and go to state 174


State 144

   96 assignment: variable ":=" "string constant" .

    $default  reduce using rule 96 (assignment)


State 145

    8 expression: expression . ">= or | or <= or | or <> or | or > or | or<" expression
    9           | expression . "=" expression
   10           | expression . "IN" expression
   11           | expression . "OR" expression
   12           | expression . "ADD" expression
   13           | expression . "* or / or DIV or MOD or AND" expression
   95 assignment: variable ":=" expression .

    ">= or | or <= or | or <> or | or > or | or<"  shift, and go to state 77
    "ADD"                                          shift, and go to state 78
    "OR"                                           shift, and go to state 79
    "* or / or DIV or MOD or AND"                  shift, and go to state 80
    "IN"                                           shift, and go to state 81
    "="                                            shift, and go to state 82

    $default  reduce using rule 95 (assignment)


State 146

   84 statements: statements ";" statement .

    $default  reduce using rule 84 (statements)


State 147

   81 pass: "VAR" .

    $default  reduce using rule 81 (pass)


State 148

   77 formal_parameters: "(" parameter_list . ")"
   79 parameter_list: parameter_list . ";" pass identifiers ":" typename

    ")"  shift, and go to state 186
    ";"  shift, and go to state 187


State 149

   80 parameter_list: pass . identifiers ":" typename

    "identifier"  shift, and go to state 66

    identifiers  go to state 188


State 150

   74 sub_header: "FUNCTION" "identifier" formal_parameters ":" . standard_type

    "INTEGER"  shift, and go to state 163
    "REAL"     shift, and go to state 164
    "BOOLEAN"  shift, and go to state 165
    "CHAR"     shift, and go to state 166

    standard_type  go to state 189


State 151

   70 subprograms: subprograms . subprogram ";"
   73 subprogram: sub_header ";" declarations subprograms . comp_statement

    "BEGIN"      shift, and go to state 17
    "PROCEDURE"  shift, and go to state 18
    "FUNCTION"   shift, and go to state 19

    subprogram      go to state 20
    sub_header      go to state 21
    comp_statement  go to state 190


State 152

   40 type_def: "ARRAY" "[" . dims "]" "OF" typename

    "ADD"                shift, and go to state 105
    "identifier"         shift, and go to state 191
    "integer const"      shift, and go to state 108
    "boolean constant"   shift, and go to state 109
    "character consant"  shift, and go to state 110

    dims    go to state 192
    limits  go to state 193
    limit   go to state 194


State 153

   42 type_def: "RECORD" fields . "END"
   61 fields: fields . ";" field

    "END"  shift, and go to state 195
    ";"    shift, and go to state 196


State 154

   62 fields: field .

    $default  reduce using rule 62 (fields)


State 155

   63 field: identifiers . ":" typename
   64 identifiers: identifiers . "," "identifier"

    ","  shift, and go to state 114
    ":"  shift, and go to state 197


State 156

   41 type_def: "SET" "OF" . typename

    "INTEGER"     shift, and go to state 163
    "REAL"        shift, and go to state 164
    "BOOLEAN"     shift, and go to state 165
    "CHAR"        shift, and go to state 166
    "identifier"  shift, and go to state 167

    typename       go to state 198
    standard_type  go to state 169


State 157

   50 limit: "ADD" "identifier" .

    $default  reduce using rule 50 (limit)


State 158

   49 limit: "ADD" "integer const" .

    $default  reduce using rule 49 (limit)


State 159

   43 type_def: "(" identifiers . ")"
   64 identifiers: identifiers . "," "identifier"

    ")"  shift, and go to state 199
    ","  shift, and go to state 114


State 160

   44 type_def: limit ".." . limit

    "ADD"                shift, and go to state 105
    "identifier"         shift, and go to state 107
    "integer const"      shift, and go to state 108
    "boolean constant"   shift, and go to state 109
    "character consant"  shift, and go to state 110

    limit  go to state 200


State 161

   38 type_defs: type_defs ";" "identifier" "=" . type_def

    "ARRAY"              shift, and go to state 102
    "RECORD"             shift, and go to state 103
    "SET"                shift, and go to state 104
    "ADD"                shift, and go to state 105
    "("                  shift, and go to state 106
    "identifier"         shift, and go to state 107
    "integer const"      shift, and go to state 108
    "boolean constant"   shift, and go to state 109
    "character consant"  shift, and go to state 110

    type_def  go to state 201
    limit     go to state 112


State 162

   64 identifiers: identifiers "," "identifier" .

    $default  reduce using rule 64 (identifiers)


State 163

   57 standard_type: "INTEGER" .

    $default  reduce using rule 57 (standard_type)


State 164

   58 standard_type: "REAL" .

    $default  reduce using rule 58 (standard_type)


State 165

   59 standard_type: "BOOLEAN" .

    $default  reduce using rule 59 (standard_type)


State 166

   60 standard_type: "CHAR" .

    $default  reduce using rule 60 (standard_type)


State 167

   56 typename: "identifier" .

    $default  reduce using rule 56 (typename)


State 168

   69 variable_defs: identifiers ":" typename .

    $default  reduce using rule 69 (variable_defs)


State 169

   55 typename: standard_type .

    $default  reduce using rule 55 (typename)


State 170

   64 identifiers: identifiers . "," "identifier"
   68 variable_defs: variable_defs ";" identifiers . ":" typename

    ","  shift, and go to state 114
    ":"  shift, and go to state 202


State 171

    8 expression: expression . ">= or | or <= or | or <> or | or > or | or<" expression
    9           | expression . "=" expression
   10           | expression . "IN" expression
   11           | expression . "OR" expression
   12           | expression . "ADD" expression
   13           | expression . "* or / or DIV or MOD or AND" expression
   34 elexpression: expression ".." expression .

    ">= or | or <= or | or <> or | or > or | or<"  shift, and go to state 77
    "ADD"                                          shift, and go to state 78
    "OR"                                           shift, and go to state 79
    "* or / or DIV or MOD or AND"                  shift, and go to state 80
    "IN"                                           shift, and go to state 81
    "="                                            shift, and go to state 82

    $default  reduce using rule 34 (elexpression)


State 172

   32 elexpressions: elexpressions "," elexpression .

    $default  reduce using rule 32 (elexpressions)


State 173

   17 expression: "identifier" "(" expressions ")" .

    $default  reduce using rule 17 (expression)


State 174

   24 expressions: expressions "," . expression

    "ADD"                   shift, and go to state 27
    "NOT"                   shift, and go to state 28
    "("                     shift, and go to state 29
    "["                     shift, and go to state 30
    "identifier"            shift, and go to state 31
    "integer const"         shift, and go to state 32
    "unsigned float const"  shift, and go to state 33
    "boolean constant"      shift, and go to state 34
    "character consant"     shift, and go to state 35

    expression     go to state 203
    variable       go to state 37
    constant       go to state 38
    setexpression  go to state 39


State 175

   23 variable: variable "[" expressions "]" .

    $default  reduce using rule 23 (variable)


State 176

   97 if_statement: "IF" expression "THEN" statement . if_tail

    "ELSE"  shift, and go to state 204

    "ELSE"    [reduce using rule 99 (if_tail)]
    $default  reduce using rule 99 (if_tail)

    if_tail  go to state 205


State 177

  100 while_statement: "WHILE" expression "DO" statement .

    $default  reduce using rule 100 (while_statement)


State 178

    8 expression: expression . ">= or | or <= or | or <> or | or > or | or<" expression
    9           | expression . "=" expression
   10           | expression . "IN" expression
   11           | expression . "OR" expression
   12           | expression . "ADD" expression
   13           | expression . "* or / or DIV or MOD or AND" expression
  102 iter_space: expression . "TO" expression
  103           | expression . "DOWNTO" expression

    "DOWNTO"                                       shift, and go to state 206
    "TO"                                           shift, and go to state 207
    ">= or | or <= or | or <> or | or > or | or<"  shift, and go to state 77
    "ADD"                                          shift, and go to state 78
    "OR"                                           shift, and go to state 79
    "* or / or DIV or MOD or AND"                  shift, and go to state 80
    "IN"                                           shift, and go to state 81
    "="                                            shift, and go to state 82


State 179

  101 for_statement: "FOR" "identifier" ":=" iter_space . "DO" statement

    "DO"  shift, and go to state 208


State 180

  104 with_statement: "WITH" variable "DO" statement .

    $default  reduce using rule 104 (with_statement)


State 181

  107 io_statement: "READ" "(" read_list ")" .

    $default  reduce using rule 107 (io_statement)


State 182

  109 read_list: read_list "," . read_item

    "identifier"  shift, and go to state 89

    variable   go to state 136
    read_item  go to state 209


State 183

  108 io_statement: "WRITE" "(" write_list ")" .

    $default  reduce using rule 108 (io_statement)


State 184

  112 write_list: write_list "," . write_item

    "ADD"                   shift, and go to state 27
    "NOT"                   shift, and go to state 28
    "("                     shift, and go to state 29
    "["                     shift, and go to state 30
    "identifier"            shift, and go to state 31
    "integer const"         shift, and go to state 32
    "unsigned float const"  shift, and go to state 33
    "boolean constant"      shift, and go to state 34
    "character consant"     shift, and go to state 35
    "string constant"       shift, and go to state 139

    expression     go to state 140
    variable       go to state 37
    constant       go to state 38
    setexpression  go to state 39
    write_item     go to state 210


State 185

  106 subprogram_call: "identifier" "(" expressions ")" .

    $default  reduce using rule 106 (subprogram_call)


State 186

   77 formal_parameters: "(" parameter_list ")" .

    $default  reduce using rule 77 (formal_parameters)


State 187

   79 parameter_list: parameter_list ";" . pass identifiers ":" typename

    "VAR"  shift, and go to state 147

    $default  reduce using rule 82 (pass)

    pass  go to state 211


State 188

   64 identifiers: identifiers . "," "identifier"
   80 parameter_list: pass identifiers . ":" typename

    ","  shift, and go to state 114
    ":"  shift, and go to state 212


State 189

   74 sub_header: "FUNCTION" "identifier" formal_parameters ":" standard_type .

    $default  reduce using rule 74 (sub_header)


State 190

   73 subprogram: sub_header ";" declarations subprograms comp_statement .

    $default  reduce using rule 73 (subprogram)


State 191

   48 limits: "identifier" .
   54 limit: "identifier" .

    ".."      reduce using rule 54 (limit)
    $default  reduce using rule 48 (limits)


State 192

   40 type_def: "ARRAY" "[" dims . "]" "OF" typename
   45 dims: dims . "," limits

    ","  shift, and go to state 213
    "]"  shift, and go to state 214


State 193

   46 dims: limits .

    $default  reduce using rule 46 (dims)


State 194

   47 limits: limit . ".." limit

    ".."  shift, and go to state 215


State 195

   42 type_def: "RECORD" fields "END" .

    $default  reduce using rule 42 (type_def)


State 196

   61 fields: fields ";" . field

    "identifier"  shift, and go to state 66

    field        go to state 216
    identifiers  go to state 155


State 197

   63 field: identifiers ":" . typename

    "INTEGER"     shift, and go to state 163
    "REAL"        shift, and go to state 164
    "BOOLEAN"     shift, and go to state 165
    "CHAR"        shift, and go to state 166
    "identifier"  shift, and go to state 167

    typename       go to state 217
    standard_type  go to state 169


State 198

   41 type_def: "SET" "OF" typename .

    $default  reduce using rule 41 (type_def)


State 199

   43 type_def: "(" identifiers ")" .

    $default  reduce using rule 43 (type_def)


State 200

   44 type_def: limit ".." limit .

    $default  reduce using rule 44 (type_def)


State 201

   38 type_defs: type_defs ";" "identifier" "=" type_def .

    $default  reduce using rule 38 (type_defs)


State 202

   68 variable_defs: variable_defs ";" identifiers ":" . typename

    "INTEGER"     shift, and go to state 163
    "REAL"        shift, and go to state 164
    "BOOLEAN"     shift, and go to state 165
    "CHAR"        shift, and go to state 166
    "identifier"  shift, and go to state 167

    typename       go to state 218
    standard_type  go to state 169


State 203

    8 expression: expression . ">= or | or <= or | or <> or | or > or | or<" expression
    9           | expression . "=" expression
   10           | expression . "IN" expression
   11           | expression . "OR" expression
   12           | expression . "ADD" expression
   13           | expression . "* or / or DIV or MOD or AND" expression
   24 expressions: expressions "," expression .

    ">= or | or <= or | or <> or | or > or | or<"  shift, and go to state 77
    "ADD"                                          shift, and go to state 78
    "OR"                                           shift, and go to state 79
    "* or / or DIV or MOD or AND"                  shift, and go to state 80
    "IN"                                           shift, and go to state 81
    "="                                            shift, and go to state 82

    $default  reduce using rule 24 (expressions)


State 204

   98 if_tail: "ELSE" . statement

    "BEGIN"       shift, and go to state 17
    "IF"          shift, and go to state 41
    "WHILE"       shift, and go to state 42
    "FOR"         shift, and go to state 43
    "WITH"        shift, and go to state 44
    "READ"        shift, and go to state 45
    "WRITE"       shift, and go to state 46
    "identifier"  shift, and go to state 47

    $default  reduce using rule 94 (statement)

    variable         go to state 48
    comp_statement   go to state 49
    statement        go to state 219
    assignment       go to state 52
    if_statement     go to state 53
    while_statement  go to state 54
    for_statement    go to state 55
    with_statement   go to state 56
    subprogram_call  go to state 57
    io_statement     go to state 58


State 205

   97 if_statement: "IF" expression "THEN" statement if_tail .

    $default  reduce using rule 97 (if_statement)


State 206

  103 iter_space: expression "DOWNTO" . expression

    "ADD"                   shift, and go to state 27
    "NOT"                   shift, and go to state 28
    "("                     shift, and go to state 29
    "["                     shift, and go to state 30
    "identifier"            shift, and go to state 31
    "integer const"         shift, and go to state 32
    "unsigned float const"  shift, and go to state 33
    "boolean constant"      shift, and go to state 34
    "character consant"     shift, and go to state 35

    expression     go to state 220
    variable       go to state 37
    constant       go to state 38
    setexpression  go to state 39


State 207

  102 iter_space: expression "TO" . expression

    "ADD"                   shift, and go to state 27
    "NOT"                   shift, and go to state 28
    "("                     shift, and go to state 29
    "["                     shift, and go to state 30
    "identifier"            shift, and go to state 31
    "integer const"         shift, and go to state 32
    "unsigned float const"  shift, and go to state 33
    "boolean constant"      shift, and go to state 34
    "character consant"     shift, and go to state 35

    expression     go to state 221
    variable       go to state 37
    constant       go to state 38
    setexpression  go to state 39


State 208

  101 for_statement: "FOR" "identifier" ":=" iter_space "DO" . statement

    "BEGIN"       shift, and go to state 17
    "IF"          shift, and go to state 41
    "WHILE"       shift, and go to state 42
    "FOR"         shift, and go to state 43
    "WITH"        shift, and go to state 44
    "READ"        shift, and go to state 45
    "WRITE"       shift, and go to state 46
    "identifier"  shift, and go to state 47

    $default  reduce using rule 94 (statement)

    variable         go to state 48
    comp_statement   go to state 49
    statement        go to state 222
    assignment       go to state 52
    if_statement     go to state 53
    while_statement  go to state 54
    for_statement    go to state 55
    with_statement   go to state 56
    subprogram_call  go to state 57
    io_statement     go to state 58


State 209

  109 read_list: read_list "," read_item .

    $default  reduce using rule 109 (read_list)


State 210

  112 write_list: write_list "," write_item .

    $default  reduce using rule 112 (write_list)


State 211

   79 parameter_list: parameter_list ";" pass . identifiers ":" typename

    "identifier"  shift, and go to state 66

    identifiers  go to state 223


State 212

   80 parameter_list: pass identifiers ":" . typename

    "INTEGER"     shift, and go to state 163
    "REAL"        shift, and go to state 164
    "BOOLEAN"     shift, and go to state 165
    "CHAR"        shift, and go to state 166
    "identifier"  shift, and go to state 167

    typename       go to state 224
    standard_type  go to state 169


State 213

   45 dims: dims "," . limits

    "ADD"                shift, and go to state 105
    "identifier"         shift, and go to state 191
    "integer const"      shift, and go to state 108
    "boolean constant"   shift, and go to state 109
    "character consant"  shift, and go to state 110

    limits  go to state 225
    limit   go to state 194


State 214

   40 type_def: "ARRAY" "[" dims "]" . "OF" typename

    "OF"  shift, and go to state 226


State 215

   47 limits: limit ".." . limit

    "ADD"                shift, and go to state 105
    "identifier"         shift, and go to state 107
    "integer const"      shift, and go to state 108
    "boolean constant"   shift, and go to state 109
    "character consant"  shift, and go to state 110

    limit  go to state 227


State 216

   61 fields: fields ";" field .

    $default  reduce using rule 61 (fields)


State 217

   63 field: identifiers ":" typename .

    $default  reduce using rule 63 (field)


State 218

   68 variable_defs: variable_defs ";" identifiers ":" typename .

    $default  reduce using rule 68 (variable_defs)


State 219

   98 if_tail: "ELSE" statement .

    $default  reduce using rule 98 (if_tail)


State 220

    8 expression: expression . ">= or | or <= or | or <> or | or > or | or<" expression
    9           | expression . "=" expression
   10           | expression . "IN" expression
   11           | expression . "OR" expression
   12           | expression . "ADD" expression
   13           | expression . "* or / or DIV or MOD or AND" expression
  103 iter_space: expression "DOWNTO" expression .

    ">= or | or <= or | or <> or | or > or | or<"  shift, and go to state 77
    "ADD"                                          shift, and go to state 78
    "OR"                                           shift, and go to state 79
    "* or / or DIV or MOD or AND"                  shift, and go to state 80
    "IN"                                           shift, and go to state 81
    "="                                            shift, and go to state 82

    $default  reduce using rule 103 (iter_space)


State 221

    8 expression: expression . ">= or | or <= or | or <> or | or > or | or<" expression
    9           | expression . "=" expression
   10           | expression . "IN" expression
   11           | expression . "OR" expression
   12           | expression . "ADD" expression
   13           | expression . "* or / or DIV or MOD or AND" expression
  102 iter_space: expression "TO" expression .

    ">= or | or <= or | or <> or | or > or | or<"  shift, and go to state 77
    "ADD"                                          shift, and go to state 78
    "OR"                                           shift, and go to state 79
    "* or / or DIV or MOD or AND"                  shift, and go to state 80
    "IN"                                           shift, and go to state 81
    "="                                            shift, and go to state 82

    $default  reduce using rule 102 (iter_space)


State 222

  101 for_statement: "FOR" "identifier" ":=" iter_space "DO" statement .

    $default  reduce using rule 101 (for_statement)


State 223

   64 identifiers: identifiers . "," "identifier"
   79 parameter_list: parameter_list ";" pass identifiers . ":" typename

    ","  shift, and go to state 114
    ":"  shift, and go to state 228


State 224

   80 parameter_list: pass identifiers ":" typename .

    $default  reduce using rule 80 (parameter_list)


State 225

   45 dims: dims "," limits .

    $default  reduce using rule 45 (dims)


State 226

   40 type_def: "ARRAY" "[" dims "]" "OF" . typename

    "INTEGER"     shift, and go to state 163
    "REAL"        shift, and go to state 164
    "BOOLEAN"     shift, and go to state 165
    "CHAR"        shift, and go to state 166
    "identifier"  shift, and go to state 167

    typename       go to state 229
    standard_type  go to state 169


State 227

   47 limits: limit ".." limit .

    $default  reduce using rule 47 (limits)


State 228

   79 parameter_list: parameter_list ";" pass identifiers ":" . typename

    "INTEGER"     shift, and go to state 163
    "REAL"        shift, and go to state 164
    "BOOLEAN"     shift, and go to state 165
    "CHAR"        shift, and go to state 166
    "identifier"  shift, and go to state 167

    typename       go to state 230
    standard_type  go to state 169


State 229

   40 type_def: "ARRAY" "[" dims "]" "OF" typename .

    $default  reduce using rule 40 (type_def)


State 230

   79 parameter_list: parameter_list ";" pass identifiers ":" typename .

    $default  reduce using rule 79 (parameter_list)
